 &FUEL_SCALARS
 CMBCNST =  1.7433000E+07,
 HFGL    =   170000.0    ,
 FUELMC_G        =  7.9999998E-02,
 FUELMC_C        =   1.000000    ,
 NFUELCATS       =          13,
 NO_FUEL_CAT     =          14
 /
 &FUEL_CATEGORIES
 FUEL_NAME       = 1: Short grass (1 ft)                                                           2: Timber (grass and understory)  
                                               3: Tall grass (2.5 ft)                                                          4: Cha
 parral (6 ft)                                                             5: Brush (2 ft)                                           
                       6: Dormant brush, hardwood slash                                                7: Southern rough             
                                                   8: Closed timber litter                                                         9:
  Hardwood litter                                                              10: Timber (litter + understory)                      
                           11: Light logging slash                                                         12: Medium logging slash  
                                                       13: Heavy logging slash                                                       
   14: no fuel                                                                                                                       
                                                                                                                                     
                                                                                                                                     
                                                                                                                                     
                                                                                                                                     
                                                                                                                                     
                                                                                                                                     
                                                                                                                                     
                                                                                                                                     
                                                                                                                                     
                                           ,
 WINDRF  = 2*0.3600000      ,  0.4400000    ,  0.5500000    ,  0.4200000    , 2*0.4400000      , 4*0.3600000      ,  0.4300000    ,
   0.4600000    ,  1.0000000E-07, 16*0.0000000E+00  ,
 FGI     =  0.1660000    ,  0.8970000    ,  0.6750000    ,   2.468000    ,  0.7850000    ,   1.345000    ,   1.092000    ,
    1.121000    ,  0.7800000    ,   2.694000    ,   2.582000    ,   7.749000    ,   13.02400    ,  1.0000000E-07,
  16*0.0000000E+00  ,
 FUELDEPTHM      = 2*0.3050000      ,  0.7620000    ,   1.829000    ,  0.6100000    , 2*0.7620000      , 2*6.1000001E-02  ,
  2*0.3050000      ,  0.7010000    ,  0.9140000    ,  0.3050000    , 16*0.0000000E+00  ,
 SAVR    =   3500.000    ,   2784.000    ,   1500.000    ,   1739.000    ,   1683.000    ,   1564.000    ,   1562.000    ,
    1889.000    ,   2484.000    ,   1764.000    ,   1182.000    ,   1145.000    ,   1159.000    ,   3500.000    ,
  16*0.0000000E+00  ,
 FUELMCE =  0.1200000    ,  0.1500000    ,  0.2500000    , 2*0.2000000      ,  0.2500000    ,  0.4000000    ,  0.3000000    ,
  2*0.2500000      ,  0.1500000    ,  0.2000000    ,  0.2500000    ,  0.1200000    , 16*0.0000000E+00  ,
 FUELDENS        = 14*32.00000       , 16*0.0000000E+00  ,
 ST      = 14*5.5500001E-02  , 16*0.0000000E+00  ,
 SE      = 14*9.9999998E-03  , 16*0.0000000E+00  ,
 WEIGHT  = 3*7.000000       ,   180.0000    , 3*100.0000       , 6*900.0000       ,   7.000000    , 16*0.0000000E+00  ,
 FCI_D   = 3*0.0000000E+00  ,   1.123000    , 3*0.0000000E+00  , 6*1.121000       , 17*0.0000000E+00  ,
 FCT     = 8*60.00000       ,   120.0000    , 4*180.0000       ,   60.00000    , 16*0.0000000E+00  ,
 ICHAP   = 3*0,           1, 26*0,
 FGI_1H  =  0.7400000    ,   2.000000    ,   3.010000    ,   5.010000    ,   1.000000    ,   1.500000    ,   1.130000    ,
    1.500000    ,   2.920000    ,   3.010000    ,   1.500000    ,   4.010000    ,   7.010000    , 17*0.0000000E+00  ,
 FGI_10H =  0.0000000E+00,   1.000000    ,  0.0000000E+00,   4.010000    ,  0.5000000    ,   2.500000    ,   1.870000    ,
    1.000000    ,  0.4100000    ,   2.000000    ,   4.510000    ,   14.03000    ,   23.04000    , 17*0.0000000E+00  ,
 FGI_100H        =  0.0000000E+00,  0.5000000    ,  0.0000000E+00,   2.000000    ,  0.0000000E+00,   2.000000    ,   1.500000    ,
    2.500000    ,  0.1500000    ,   5.010000    ,   5.510000    ,   16.53000    ,   28.05000    , 17*0.0000000E+00  ,
 FGI_1000H       = 30*0.0000000E+00  ,
 FGI_LIVE        =  0.0000000E+00,  0.5000000    ,  0.0000000E+00,   5.010000    ,   2.000000    ,  0.0000000E+00,  0.3700000    ,
  2*0.0000000E+00  ,   2.000000    ,  0.0000000E+00,   2.300000    , 18*0.0000000E+00  
 /
 &FUEL_MOISTURE
 MOISTURE_CLASSES        =           5,
 DRYING_LAG      =   1.000000    ,   10.00000    ,   100.0000    ,   1000.000    ,  1.0000000E+09,
 WETTING_LAG     =   1.400000    ,   14.00000    ,   140.0000    ,   1400.000    ,  1.0000000E+09,
 SATURATION_MOISTURE     = 5*2.500000       ,
 SATURATION_RAIN = 5*8.000000       ,
 RAIN_THRESHOLD  = 5*5.0000001E-02  ,
 DRYING_MODEL    = 5*1,
 WETTING_MODEL   = 5*1,
 MOISTURE_CLASS_NAME     = 1-h                                                                             10-h                      
                                                       100-h                                                                         
   1000-h                                                                          Live                                              
                               ,
 FMC_GC_INITIALIZATION   = 4*2,           3,
 FMC_1H  =  7.9999998E-02,
 FMC_10H =  7.9999998E-02,
 FMC_100H        =  7.9999998E-02,
 FMC_1000H       =  7.9999998E-02,
 FMC_LIVE        =  0.3000000    
 /
